<?xml version="1.0" encoding="UTF-8"?>
<testsuite name="Tests" tests="2" skipped="0" failures="0" errors="0" timestamp="2021-07-04T04:24:36" hostname="DESKTOP-9L56L1T" time="0.012">
  <properties/>
  <testcase name="helloWorldTest()" classname="Tests" time="0.011"/>
  <testcase name="helloWorldTest1()" classname="Tests" time="0.0"/>
  <system-out><![CDATA[]]></system-out>
  <system-err><![CDATA[]]></system-err>
</testsuite>
